<?xml version="1.0" encoding="UTF-8"?>
<!-- Generated by org.testng.reporters.JUnitXMLReporter -->
<testsuite ignored="0" hostname="Madhukar" failures="0" tests="7" name="mt tests" time="24.791" errors="0" timestamp="2025-05-27T08:59:50 IST">
  <testcase classname="day42.OrangeHRMTest" name="openapp" time="13.383"/>
  <testcase classname="day42.OrangeHRMTest" name="logopresence" time="3.092"/>
  <testcase classname="day42.OrangeHRMTest" name="login" time="2.289"/>
  <testcase classname="day42.OrangeHRMTest" name="logout" time="5.921"/>
  <testcase classname="day42.FirstTestcase" name="openapp" time="0.004"/>
  <testcase classname="day42.FirstTestcase" name="login" time="0.005"/>
  <testcase classname="day42.FirstTestcase" name="logout" time="0.001"/>
</testsuite> <!-- mt tests -->
