<?xml version="1.0" encoding="UTF-8"?>
<!-- Generated by org.testng.reporters.JUnitXMLReporter -->
<testsuite ignored="0" hostname="Madhukar" failures="0" tests="4" name="Test" time="26.331" errors="0" timestamp="2025-05-27T08:49:03 IST">
  <testcase classname="day42.OrangeHRMTest" name="openapp" time="14.285"/>
  <testcase classname="day42.OrangeHRMTest" name="logopresence" time="3.098"/>
  <testcase classname="day42.OrangeHRMTest" name="login" time="0.434"/>
  <testcase classname="day42.OrangeHRMTest" name="logout" time="8.444"/>
</testsuite> <!-- Test -->
