<?xml version="1.0" encoding="UTF-8"?>
<!-- Generated by org.testng.reporters.JUnitXMLReporter -->
<testsuite ignored="0" hostname="Madhukar" failures="0" tests="4" name="Default test" time="24.861" errors="0" timestamp="2025-05-27T08:38:24 IST">
  <testcase classname="day42.OrangeHRMTest" name="openapp" time="13.068"/>
  <testcase classname="day42.OrangeHRMTest" name="logopresence" time="3.119"/>
  <testcase classname="day42.OrangeHRMTest" name="login" time="1.853"/>
  <testcase classname="day42.OrangeHRMTest" name="logout" time="6.758"/>
</testsuite> <!-- Default test -->
