<?xml version="1.0" encoding="UTF-8"?>
<testng-results ignored="0" total="1" passed="1" failed="0" skipped="0">
  <reporter-output>
  </reporter-output>
  <suite started-at="2025-06-01T13:53:12 IST" name="Suite" finished-at="2025-06-01T13:53:23 IST" duration-ms="11700">
    <groups>
    </groups>
    <test started-at="2025-06-01T13:53:12 IST" name="Test" finished-at="2025-06-01T13:53:23 IST" duration-ms="11700">
      <class name="day47.LoginTest">
        <test-method is-config="true" signature="setup()[pri:0, instance:day47.LoginTest@179ece50]" started-at="2025-06-01T13:53:12 IST" name="setup" finished-at="2025-06-01T13:53:22 IST" duration-ms="10820" status="PASS">
          <reporter-output>
          </reporter-output>
        </test-method> <!-- setup -->
        <test-method signature="test_login()[pri:0, instance:day47.LoginTest@179ece50]" started-at="2025-06-01T13:53:22 IST" name="test_login" finished-at="2025-06-01T13:53:23 IST" duration-ms="479" status="PASS">
          <reporter-output>
          </reporter-output>
        </test-method> <!-- test_login -->
        <test-method is-config="true" signature="tearDown()[pri:0, instance:day47.LoginTest@179ece50]" started-at="2025-06-01T13:53:23 IST" name="tearDown" finished-at="2025-06-01T13:53:23 IST" duration-ms="328" status="PASS">
          <reporter-output>
          </reporter-output>
        </test-method> <!-- tearDown -->
      </class> <!-- day47.LoginTest -->
    </test> <!-- Test -->
  </suite> <!-- Suite -->
</testng-results>
