<?xml version="1.0" encoding="UTF-8"?>
<!-- Generated by org.testng.reporters.JUnitXMLReporter -->
<testsuite ignored="2" hostname="Madhukar" failures="0" tests="6" name="GroupingTest" time="0.1" errors="0" timestamp="2025-05-29T17:36:37 IST">
  <testcase classname="day44.LoginTests" name="loginbyemail" time="0.015"/>
  <testcase classname="day44.LoginTests" name="loginbyfacebook" time="0.001"/>
  <testcase classname="day44.LoginTests" name="loginbytwitter" time="0.001"/>
  <testcase classname="day44.SignUpTest" name="Signupbyemail" time="0.001"/>
  <testcase classname="day44.SignUpTest" name="Signupbyfacebook" time="0.003"/>
  <testcase classname="day44.SignUpTest" name="Signupbytwitter" time="0.002"/>
  <testcase classname="day44.PaymentTests" name="paymentinRupees" time="0.0">
    <ignored/>
  </testcase> <!-- paymentinRupees -->
  <testcase classname="day44.PaymentTests" name="paymentinDollars" time="0.0">
    <ignored/>
  </testcase> <!-- paymentinDollars -->
</testsuite> <!-- GroupingTest -->
